<?xml version="1.0" encoding="UTF-8"?>
<testng-results ignored="0" total="1" passed="1" failed="0" skipped="0">
  <reporter-output>
  </reporter-output>
  <suite started-at="2020-10-29T15:47:55Z" name="Default suite" finished-at="2020-10-29T15:48:13Z" duration-ms="17444">
    <groups>
    </groups>
    <test started-at="2020-10-29T15:47:55Z" name="Default test" finished-at="2020-10-29T15:48:13Z" duration-ms="17444">
      <class name="TEST.logintest">
        <test-method signature="login()[pri:0, instance:TEST.logintest@a530d0a]" started-at="2020-10-29T21:17:55Z" name="login" finished-at="2020-10-29T21:18:13Z" duration-ms="17416" status="PASS">
          <reporter-output>
          </reporter-output>
        </test-method> <!-- login -->
      </class> <!-- TEST.logintest -->
    </test> <!-- Default test -->
  </suite> <!-- Default suite -->
</testng-results>
